

CURRENT EXPERIMENT: EXP5
Running on the device cuda:5
Loading Dataset
Finished loading Dataset 97.72555899620056
Started training model: RNN_2L_fixed_projected_single_2L
Time elapsed: 3.826453924179077 | Epoch: 1/15 | Batch: 1/4292 | Batch Loss: 1.3909653425216675
Time elapsed: 27.720515489578247 | Epoch: 1/15 | Batch: 1001/4292 | Batch Loss: 0.9083186388015747
Time elapsed: 52.2378032207489 | Epoch: 1/15 | Batch: 2001/4292 | Batch Loss: 0.7943734526634216
Time elapsed: 78.65368986129761 | Epoch: 1/15 | Batch: 3001/4292 | Batch Loss: 0.6948513984680176
Time elapsed: 103.20593023300171 | Epoch: 1/15 | Batch: 4001/4292 | Batch Loss: 0.7877157926559448
Starting Evaluation for epoch: 1
Time taken for train evaluation 42.72874426841736
Time taken for validation evaluation 0.584902286529541


=========================
Time elapsed: 154.63740992546082
Epoch: 1/15
Epoch time: 154.63744831085205
Train Acc: 0.6598139313063944
Validation Acc: 0.6428571428571429
Train Loss: 0.766457087050996
Validation Loss: 0.8018327432176829
=========================


Time elapsed: 157.33017230033875 | Epoch: 2/15 | Batch: 1/4292 | Batch Loss: 0.7567261457443237
Time elapsed: 182.49626231193542 | Epoch: 2/15 | Batch: 1001/4292 | Batch Loss: 0.8718907237052917
Time elapsed: 207.3771996498108 | Epoch: 2/15 | Batch: 2001/4292 | Batch Loss: 0.6479794979095459
Time elapsed: 231.2090826034546 | Epoch: 2/15 | Batch: 3001/4292 | Batch Loss: 0.73015296459198
Time elapsed: 256.19570231437683 | Epoch: 2/15 | Batch: 4001/4292 | Batch Loss: 0.7465600967407227
Starting Evaluation for epoch: 2
Time taken for train evaluation 44.77116107940674
Time taken for validation evaluation 0.6764318943023682


=========================
Time elapsed: 310.5094575881958
Epoch: 2/15
Epoch time: 155.87181043624878
Train Acc: 0.7096567504054666
Validation Acc: 0.690306848201585
Train Loss: 0.6869352227418094
Validation Loss: 0.7305815608320719
=========================


Time elapsed: 313.05466294288635 | Epoch: 3/15 | Batch: 1/4292 | Batch Loss: 0.6263838410377502
Time elapsed: 338.3130033016205 | Epoch: 3/15 | Batch: 1001/4292 | Batch Loss: 0.6591079831123352
Time elapsed: 363.7456331253052 | Epoch: 3/15 | Batch: 2001/4292 | Batch Loss: 0.6067259311676025
Time elapsed: 388.94699573516846 | Epoch: 3/15 | Batch: 3001/4292 | Batch Loss: 0.7006129026412964
Time elapsed: 413.4845187664032 | Epoch: 3/15 | Batch: 4001/4292 | Batch Loss: 0.5592983961105347
Starting Evaluation for epoch: 3
Time taken for train evaluation 45.10769605636597
Time taken for validation evaluation 0.5620810985565186


=========================
Time elapsed: 467.66338324546814
Epoch: 3/15
Epoch time: 157.15351557731628
Train Acc: 0.7392908565676497
Validation Acc: 0.7184515342410079
Train Loss: 0.6279406243878609
Validation Loss: 0.6829733025904134
=========================


Time elapsed: 470.332804441452 | Epoch: 4/15 | Batch: 1/4292 | Batch Loss: 0.724636435508728
Time elapsed: 495.3933644294739 | Epoch: 4/15 | Batch: 1001/4292 | Batch Loss: 0.7056618332862854
Time elapsed: 519.6772933006287 | Epoch: 4/15 | Batch: 2001/4292 | Batch Loss: 0.6884602308273315
Time elapsed: 544.3789019584656 | Epoch: 4/15 | Batch: 3001/4292 | Batch Loss: 0.6975058913230896
Time elapsed: 569.4308362007141 | Epoch: 4/15 | Batch: 4001/4292 | Batch Loss: 0.6509076952934265
Starting Evaluation for epoch: 4
Time taken for train evaluation 43.15672183036804
Time taken for validation evaluation 0.5913689136505127


=========================
Time elapsed: 621.8591618537903
Epoch: 4/15
Epoch time: 154.19560885429382
Train Acc: 0.7648020357975633
Validation Acc: 0.735318024791709
Train Loss: 0.5750386754335971
Validation Loss: 0.6327492229532987
=========================


Time elapsed: 624.096184015274 | Epoch: 5/15 | Batch: 1/4292 | Batch Loss: 0.6862058639526367
Time elapsed: 649.2043817043304 | Epoch: 5/15 | Batch: 1001/4292 | Batch Loss: 0.5148611664772034
Time elapsed: 674.016205072403 | Epoch: 5/15 | Batch: 2001/4292 | Batch Loss: 0.5891690254211426
Time elapsed: 698.9623990058899 | Epoch: 5/15 | Batch: 3001/4292 | Batch Loss: 0.5572616457939148
Time elapsed: 723.1278357505798 | Epoch: 5/15 | Batch: 4001/4292 | Batch Loss: 0.5676870942115784
Starting Evaluation for epoch: 5
Time taken for train evaluation 44.29595947265625
Time taken for validation evaluation 0.7668318748474121


=========================
Time elapsed: 776.8142850399017
Epoch: 5/15
Epoch time: 154.9549639225006
Train Acc: 0.7837147116590549
Validation Acc: 0.7437512700670595
Train Loss: 0.5374411073734997
Validation Loss: 0.6306607048217419
=========================


Time elapsed: 779.197348356247 | Epoch: 6/15 | Batch: 1/4292 | Batch Loss: 0.5842079520225525
Time elapsed: 803.4441690444946 | Epoch: 6/15 | Batch: 1001/4292 | Batch Loss: 0.5010295510292053
Time elapsed: 828.8920953273773 | Epoch: 6/15 | Batch: 2001/4292 | Batch Loss: 0.6491190195083618
Time elapsed: 853.5164635181427 | Epoch: 6/15 | Batch: 3001/4292 | Batch Loss: 0.4956201910972595
Time elapsed: 878.4846572875977 | Epoch: 6/15 | Batch: 4001/4292 | Batch Loss: 0.7684208750724792
Starting Evaluation for epoch: 6
Time taken for train evaluation 44.9881637096405
Time taken for validation evaluation 0.9233808517456055


=========================
Time elapsed: 932.3545331954956
Epoch: 6/15
Epoch time: 155.54008102416992
Train Acc: 0.7999879861731775
Validation Acc: 0.762751473277789
Train Loss: 0.5018314522473462
Validation Loss: 0.5884759351141786
=========================


Time elapsed: 934.8915731906891 | Epoch: 7/15 | Batch: 1/4292 | Batch Loss: 0.5594897270202637
Time elapsed: 959.3702044487 | Epoch: 7/15 | Batch: 1001/4292 | Batch Loss: 0.6090174913406372
Time elapsed: 983.7671186923981 | Epoch: 7/15 | Batch: 2001/4292 | Batch Loss: 0.43399906158447266
Time elapsed: 1008.8662459850311 | Epoch: 7/15 | Batch: 3001/4292 | Batch Loss: 0.5630749464035034
Time elapsed: 1034.2339673042297 | Epoch: 7/15 | Batch: 4001/4292 | Batch Loss: 0.5495725274085999
Starting Evaluation for epoch: 7
Time taken for train evaluation 45.500144243240356
Time taken for validation evaluation 0.5950000286102295


=========================
Time elapsed: 1088.6660249233246
Epoch: 7/15
Epoch time: 156.31131148338318
Train Acc: 0.8116687023428782
Validation Acc: 0.7624466571834992
Train Loss: 0.47616374491831537
Validation Loss: 0.6043333936163963
=========================


Time elapsed: 1091.1155471801758 | Epoch: 8/15 | Batch: 1/4292 | Batch Loss: 0.4827137589454651
Time elapsed: 1115.2481935024261 | Epoch: 8/15 | Batch: 1001/4292 | Batch Loss: 0.6645762920379639
Time elapsed: 1140.243946313858 | Epoch: 8/15 | Batch: 2001/4292 | Batch Loss: 0.5976217985153198
Time elapsed: 1165.525996208191 | Epoch: 8/15 | Batch: 3001/4292 | Batch Loss: 0.44720458984375
Time elapsed: 1190.4544637203217 | Epoch: 8/15 | Batch: 4001/4292 | Batch Loss: 0.575025737285614
Starting Evaluation for epoch: 8
Time taken for train evaluation 44.857547760009766
Time taken for validation evaluation 0.7031915187835693


=========================
Time elapsed: 1244.9766328334808
Epoch: 8/15
Epoch time: 156.3104362487793
Train Acc: 0.8245872067306554
Validation Acc: 0.7610241820768137
Train Loss: 0.4473902954661384
Validation Loss: 0.6235165639733716
=========================


Time elapsed: 1247.2079491615295 | Epoch: 9/15 | Batch: 1/4292 | Batch Loss: 0.3974005877971649
Time elapsed: 1271.986370563507 | Epoch: 9/15 | Batch: 1001/4292 | Batch Loss: 0.46073752641677856
Time elapsed: 1296.539618730545 | Epoch: 9/15 | Batch: 2001/4292 | Batch Loss: 0.42395153641700745
Time elapsed: 1321.456517457962 | Epoch: 9/15 | Batch: 3001/4292 | Batch Loss: 0.4928714334964752
Time elapsed: 1346.7078206539154 | Epoch: 9/15 | Batch: 4001/4292 | Batch Loss: 0.4632852375507355
Starting Evaluation for epoch: 9
Time taken for train evaluation 45.845261335372925
Time taken for validation evaluation 0.5837926864624023


=========================
Time elapsed: 1401.8481097221375
Epoch: 9/15
Epoch time: 156.8713014125824
Train Acc: 0.8363316325880513
Validation Acc: 0.7664092664092664
Train Loss: 0.4253760166594602
Validation Loss: 0.6095133924164489
=========================


Time elapsed: 1404.5001566410065 | Epoch: 10/15 | Batch: 1/4292 | Batch Loss: 0.47045451402664185
Time elapsed: 1429.9509062767029 | Epoch: 10/15 | Batch: 1001/4292 | Batch Loss: 0.47944948077201843
Time elapsed: 1455.0261869430542 | Epoch: 10/15 | Batch: 2001/4292 | Batch Loss: 0.5119124054908752
Time elapsed: 1479.6630187034607 | Epoch: 10/15 | Batch: 3001/4292 | Batch Loss: 0.41719353199005127
Time elapsed: 1504.8949835300446 | Epoch: 10/15 | Batch: 4001/4292 | Batch Loss: 0.42529699206352234
Starting Evaluation for epoch: 10
Time taken for train evaluation 45.7418749332428
Time taken for validation evaluation 0.4578821659088135


=========================
Time elapsed: 1559.3110616207123
Epoch: 10/15
Epoch time: 157.46277713775635
Train Acc: 0.8477738924980932
Validation Acc: 0.7586872586872587
Train Loss: 0.3985655105069803
Validation Loss: 0.6469392111039312
=========================


Time elapsed: 1562.364149093628 | Epoch: 11/15 | Batch: 1/4292 | Batch Loss: 0.4324633777141571
Time elapsed: 1587.1318373680115 | Epoch: 11/15 | Batch: 1001/4292 | Batch Loss: 0.34614133834838867
Time elapsed: 1613.1880815029144 | Epoch: 11/15 | Batch: 2001/4292 | Batch Loss: 0.3703524172306061
Time elapsed: 1638.509200334549 | Epoch: 11/15 | Batch: 3001/4292 | Batch Loss: 0.5416361093521118
Time elapsed: 1664.5556333065033 | Epoch: 11/15 | Batch: 4001/4292 | Batch Loss: 0.49420663714408875
Starting Evaluation for epoch: 11
Time taken for train evaluation 45.684298515319824
Time taken for validation evaluation 0.6129770278930664


=========================
Time elapsed: 1719.611035823822
Epoch: 11/15
Epoch time: 160.29979729652405
Train Acc: 0.8612603232447525
Validation Acc: 0.7582808372282056
Train Loss: 0.36789702775895566
Validation Loss: 0.6851828103020917
=========================


Time elapsed: 1721.6029257774353 | Epoch: 12/15 | Batch: 1/4292 | Batch Loss: 0.35786089301109314
Time elapsed: 1747.2833015918732 | Epoch: 12/15 | Batch: 1001/4292 | Batch Loss: 0.3041154146194458
Time elapsed: 1773.3356173038483 | Epoch: 12/15 | Batch: 2001/4292 | Batch Loss: 0.5425447821617126
Time elapsed: 1799.3222861289978 | Epoch: 12/15 | Batch: 3001/4292 | Batch Loss: 0.41597622632980347
Time elapsed: 1824.053966999054 | Epoch: 12/15 | Batch: 4001/4292 | Batch Loss: 0.4411180317401886
Starting Evaluation for epoch: 12
Time taken for train evaluation 43.72112512588501
Time taken for validation evaluation 0.6328210830688477


=========================
Time elapsed: 1877.0089318752289
Epoch: 12/15
Epoch time: 157.3976821899414
Train Acc: 0.8741278598823737
Validation Acc: 0.7653932127616339
Train Loss: 0.3399874069057963
Validation Loss: 0.6884803037119213
=========================


Time elapsed: 1879.1823489665985 | Epoch: 13/15 | Batch: 1/4292 | Batch Loss: 0.3205382525920868
Time elapsed: 1905.028121471405 | Epoch: 13/15 | Batch: 1001/4292 | Batch Loss: 0.4257657527923584
Time elapsed: 1929.8839416503906 | Epoch: 13/15 | Batch: 2001/4292 | Batch Loss: 0.40227699279785156
Time elapsed: 1954.9042799472809 | Epoch: 13/15 | Batch: 3001/4292 | Batch Loss: 0.34183982014656067
Time elapsed: 1979.6537413597107 | Epoch: 13/15 | Batch: 4001/4292 | Batch Loss: 0.38921841979026794
Starting Evaluation for epoch: 13
Time taken for train evaluation 45.77277207374573
Time taken for validation evaluation 0.6346046924591064


=========================
Time elapsed: 2035.083922624588
Epoch: 13/15
Epoch time: 158.0748245716095
Train Acc: 0.8824811100775984
Validation Acc: 0.7590936801463117
Train Loss: 0.3172514907813639
Validation Loss: 0.7618984912643828
=========================


Time elapsed: 2037.1105329990387 | Epoch: 14/15 | Batch: 1/4292 | Batch Loss: 0.3121075928211212
Time elapsed: 2062.4429693222046 | Epoch: 14/15 | Batch: 1001/4292 | Batch Loss: 0.31106841564178467
Time elapsed: 2087.1014199256897 | Epoch: 14/15 | Batch: 2001/4292 | Batch Loss: 0.2899180054664612
Time elapsed: 2113.290565252304 | Epoch: 14/15 | Batch: 3001/4292 | Batch Loss: 0.4182305634021759
Time elapsed: 2138.1684839725494 | Epoch: 14/15 | Batch: 4001/4292 | Batch Loss: 0.3381942808628082
Starting Evaluation for epoch: 14
Time taken for train evaluation 46.946221351623535
Time taken for validation evaluation 0.5747427940368652


=========================
Time elapsed: 2195.016439437866
Epoch: 14/15
Epoch time: 159.93232202529907
Train Acc: 0.8936648906832773
Validation Acc: 0.7511684616947775
Train Loss: 0.29448605397483646
Validation Loss: 0.7903004124309444
=========================


Time elapsed: 2197.4861125946045 | Epoch: 15/15 | Batch: 1/4292 | Batch Loss: 0.24318736791610718
Time elapsed: 2222.979835987091 | Epoch: 15/15 | Batch: 1001/4292 | Batch Loss: 0.295929878950119
Time elapsed: 2248.1964468955994 | Epoch: 15/15 | Batch: 2001/4292 | Batch Loss: 0.24028357863426208
Time elapsed: 2273.6607105731964 | Epoch: 15/15 | Batch: 3001/4292 | Batch Loss: 0.4118133783340454
Time elapsed: 2298.960045337677 | Epoch: 15/15 | Batch: 4001/4292 | Batch Loss: 0.4248589873313904
Starting Evaluation for epoch: 15
Time taken for train evaluation 46.00804853439331
Time taken for validation evaluation 0.5318496227264404


=========================
Time elapsed: 2354.7214934825897
Epoch: 15/15
Epoch time: 159.7049207687378
Train Acc: 0.9030429567119976
Validation Acc: 0.7447673237146921
Train Loss: 0.2715469676089409
Validation Loss: 0.8535976659062189
=========================


Starting Loss: 0.766457087050996 0.8018327432176829
Ending Loss: 0.2715469676089409 0.8535976659062189
Starting Accuracy: 0.6598139313063944 0.6428571428571429
Ending Accuracy: 0.9030429567119976 0.7447673237146921
Time taken: 2360.0616886615753



Started training model: RNN_2L_notfixed_projected_single_2L
Time elapsed: 2.7025232315063477 | Epoch: 1/15 | Batch: 1/4292 | Batch Loss: 1.3891808986663818
Time elapsed: 32.8130145072937 | Epoch: 1/15 | Batch: 1001/4292 | Batch Loss: 0.7324990630149841
Time elapsed: 62.57018685340881 | Epoch: 1/15 | Batch: 2001/4292 | Batch Loss: 0.7757918238639832
Time elapsed: 93.88031506538391 | Epoch: 1/15 | Batch: 3001/4292 | Batch Loss: 0.7152592539787292
Time elapsed: 124.4347493648529 | Epoch: 1/15 | Batch: 4001/4292 | Batch Loss: 0.717751681804657
Starting Evaluation for epoch: 1
Time taken for train evaluation 46.71197056770325
Time taken for validation evaluation 0.8338527679443359


=========================
Time elapsed: 182.8027584552765
Epoch: 1/15
Epoch time: 182.80280590057373
Train Acc: 0.7036170720119701
Validation Acc: 0.6965047754521438
Train Loss: 0.699529509427786
Validation Loss: 0.712087416450223
=========================


Time elapsed: 185.93796968460083 | Epoch: 2/15 | Batch: 1/4292 | Batch Loss: 0.6928282380104065
Time elapsed: 216.333726644516 | Epoch: 2/15 | Batch: 1001/4292 | Batch Loss: 0.6515572667121887
Time elapsed: 246.47515726089478 | Epoch: 2/15 | Batch: 2001/4292 | Batch Loss: 0.7039684057235718
Time elapsed: 276.3661606311798 | Epoch: 2/15 | Batch: 3001/4292 | Batch Loss: 0.6243963837623596
Time elapsed: 305.9851076602936 | Epoch: 2/15 | Batch: 4001/4292 | Batch Loss: 0.7703506946563721
Starting Evaluation for epoch: 2
Time taken for train evaluation 44.13976812362671
Time taken for validation evaluation 0.48690319061279297


=========================
Time elapsed: 361.0142767429352
Epoch: 2/15
Epoch time: 178.21126914024353
Train Acc: 0.7582636015632537
Validation Acc: 0.7396870554765291
Train Loss: 0.5935479024683036
Validation Loss: 0.6257982476167964
=========================


Time elapsed: 363.51780915260315 | Epoch: 3/15 | Batch: 1/4292 | Batch Loss: 0.6382948756217957
Time elapsed: 394.1438219547272 | Epoch: 3/15 | Batch: 1001/4292 | Batch Loss: 0.6095752120018005
Time elapsed: 424.72459077835083 | Epoch: 3/15 | Batch: 2001/4292 | Batch Loss: 0.6829910278320312
Time elapsed: 454.2645101547241 | Epoch: 3/15 | Batch: 3001/4292 | Batch Loss: 0.5427696108818054
Time elapsed: 484.16883087158203 | Epoch: 3/15 | Batch: 4001/4292 | Batch Loss: 0.4719272255897522
Starting Evaluation for epoch: 3
Time taken for train evaluation 44.46402406692505
Time taken for validation evaluation 0.5961780548095703


=========================
Time elapsed: 539.1950643062592
Epoch: 3/15
Epoch time: 178.1804735660553
Train Acc: 0.7837329144269678
Validation Acc: 0.758788864052022
Train Loss: 0.53913760859713
Validation Loss: 0.5899730613865859
=========================


Time elapsed: 541.1648135185242 | Epoch: 4/15 | Batch: 1/4292 | Batch Loss: 0.49762043356895447
Time elapsed: 570.753112077713 | Epoch: 4/15 | Batch: 1001/4292 | Batch Loss: 0.4722568094730377
Time elapsed: 599.3562133312225 | Epoch: 4/15 | Batch: 2001/4292 | Batch Loss: 0.5681040287017822
Time elapsed: 629.591826915741 | Epoch: 4/15 | Batch: 3001/4292 | Batch Loss: 0.5595886707305908
Time elapsed: 659.4932672977448 | Epoch: 4/15 | Batch: 4001/4292 | Batch Loss: 0.5922434329986572
Starting Evaluation for epoch: 4
Time taken for train evaluation 44.19672417640686
Time taken for validation evaluation 0.6570861339569092


=========================
Time elapsed: 714.1263515949249
Epoch: 4/15
Epoch time: 174.93110942840576
Train Acc: 0.8051575722604379
Validation Acc: 0.7665108717740297
Train Loss: 0.49696104525764634
Validation Loss: 0.5713251232374152
=========================


Time elapsed: 717.0162057876587 | Epoch: 5/15 | Batch: 1/4292 | Batch Loss: 0.5037590265274048
Time elapsed: 745.9047992229462 | Epoch: 5/15 | Batch: 1001/4292 | Batch Loss: 0.545974850654602
Time elapsed: 776.7249619960785 | Epoch: 5/15 | Batch: 2001/4292 | Batch Loss: 0.5338112115859985
Time elapsed: 806.719562292099 | Epoch: 5/15 | Batch: 3001/4292 | Batch Loss: 0.5186654329299927
Time elapsed: 836.9254531860352 | Epoch: 5/15 | Batch: 4001/4292 | Batch Loss: 0.4496586322784424
Starting Evaluation for epoch: 5
Time taken for train evaluation 44.89770221710205
Time taken for validation evaluation 0.6919801235198975


=========================
Time elapsed: 892.4076499938965
Epoch: 5/15
Epoch time: 178.28090715408325
Train Acc: 0.8254846031887609
Validation Acc: 0.7823613086770982
Train Loss: 0.4525248377585262
Validation Loss: 0.5474212539072469
=========================


Time elapsed: 894.8147370815277 | Epoch: 6/15 | Batch: 1/4292 | Batch Loss: 0.5199773907661438
Time elapsed: 924.7716197967529 | Epoch: 6/15 | Batch: 1001/4292 | Batch Loss: 0.4140755236148834
Time elapsed: 954.3603105545044 | Epoch: 6/15 | Batch: 2001/4292 | Batch Loss: 0.49358806014060974
Time elapsed: 984.5925903320312 | Epoch: 6/15 | Batch: 3001/4292 | Batch Loss: 0.4744332432746887
Time elapsed: 1015.2568485736847 | Epoch: 6/15 | Batch: 4001/4292 | Batch Loss: 0.39560654759407043
Starting Evaluation for epoch: 6
Time taken for train evaluation 42.947521924972534
Time taken for validation evaluation 0.5880589485168457


=========================
Time elapsed: 1068.635755777359
Epoch: 6/15
Epoch time: 176.22784781455994
Train Acc: 0.8405601355742154
Validation Acc: 0.7824629140418614
Train Loss: 0.4175562778903009
Validation Loss: 0.5615968099456327
=========================


Time elapsed: 1071.0792734622955 | Epoch: 7/15 | Batch: 1/4292 | Batch Loss: 0.41720691323280334
Time elapsed: 1100.7406890392303 | Epoch: 7/15 | Batch: 1001/4292 | Batch Loss: 0.3761652708053589
Time elapsed: 1129.920068025589 | Epoch: 7/15 | Batch: 2001/4292 | Batch Loss: 0.39460495114326477
Time elapsed: 1159.903080701828 | Epoch: 7/15 | Batch: 3001/4292 | Batch Loss: 0.49255216121673584
Time elapsed: 1189.736671924591 | Epoch: 7/15 | Batch: 4001/4292 | Batch Loss: 0.4872899651527405
Starting Evaluation for epoch: 7
Time taken for train evaluation 47.45052456855774
Time taken for validation evaluation 0.6737334728240967


=========================
Time elapsed: 1247.554991722107
Epoch: 7/15
Epoch time: 178.91905641555786
Train Acc: 0.8536497459803738
Validation Acc: 0.783072546230441
Train Loss: 0.3863531046639437
Validation Loss: 0.5749784589322499
=========================


Time elapsed: 1249.7559833526611 | Epoch: 8/15 | Batch: 1/4292 | Batch Loss: 0.3843994736671448
Time elapsed: 1280.8322286605835 | Epoch: 8/15 | Batch: 1001/4292 | Batch Loss: 0.3014293313026428
Time elapsed: 1311.0720448493958 | Epoch: 8/15 | Batch: 2001/4292 | Batch Loss: 0.3874989151954651
Time elapsed: 1341.358628988266 | Epoch: 8/15 | Batch: 3001/4292 | Batch Loss: 0.34090375900268555
Time elapsed: 1372.1578841209412 | Epoch: 8/15 | Batch: 4001/4292 | Batch Loss: 0.4632968306541443
Starting Evaluation for epoch: 8
Time taken for train evaluation 45.002150774002075
Time taken for validation evaluation 0.6918256282806396


=========================
Time elapsed: 1427.5963547229767
Epoch: 8/15
Epoch time: 180.04117631912231
Train Acc: 0.8640125817531814
Validation Acc: 0.7803292013818329
Train Loss: 0.36226364406353984
Validation Loss: 0.5847385310710046
=========================


Time elapsed: 1430.0275430679321 | Epoch: 9/15 | Batch: 1/4292 | Batch Loss: 0.36471647024154663
Time elapsed: 1459.1733572483063 | Epoch: 9/15 | Batch: 1001/4292 | Batch Loss: 0.43738535046577454
Time elapsed: 1489.4962453842163 | Epoch: 9/15 | Batch: 2001/4292 | Batch Loss: 0.3396933674812317
Time elapsed: 1518.7576031684875 | Epoch: 9/15 | Batch: 3001/4292 | Batch Loss: 0.4391752779483795
Time elapsed: 1548.9891204833984 | Epoch: 9/15 | Batch: 4001/4292 | Batch Loss: 0.3953357934951782
Starting Evaluation for epoch: 9
Time taken for train evaluation 46.49639368057251
Time taken for validation evaluation 0.5235896110534668


=========================
Time elapsed: 1606.3501019477844
Epoch: 9/15
Epoch time: 178.75358629226685
Train Acc: 0.8772041276596519
Validation Acc: 0.7832757569599675
Train Loss: 0.33349582750195284
Validation Loss: 0.6139954866928871
=========================


Time elapsed: 1609.302815437317 | Epoch: 10/15 | Batch: 1/4292 | Batch Loss: 0.27505430579185486
Time elapsed: 1638.766194343567 | Epoch: 10/15 | Batch: 1001/4292 | Batch Loss: 0.362975537776947
Time elapsed: 1667.7859647274017 | Epoch: 10/15 | Batch: 2001/4292 | Batch Loss: 0.3692306578159332
Time elapsed: 1697.643355846405 | Epoch: 10/15 | Batch: 3001/4292 | Batch Loss: 0.45122817158699036
Time elapsed: 1728.3071417808533 | Epoch: 10/15 | Batch: 4001/4292 | Batch Loss: 0.3461962640285492
Starting Evaluation for epoch: 10
Time taken for train evaluation 42.92087149620056
Time taken for validation evaluation 0.6379144191741943


=========================
Time elapsed: 1782.2085540294647
Epoch: 10/15
Epoch time: 175.85824942588806
Train Acc: 0.8881276086841765
Validation Acc: 0.7758585653322495
Train Loss: 0.30726047132119544
Validation Loss: 0.6405322994553105
=========================


Time elapsed: 1784.2992689609528 | Epoch: 11/15 | Batch: 1/4292 | Batch Loss: 0.2928217351436615
Time elapsed: 1813.1648285388947 | Epoch: 11/15 | Batch: 1001/4292 | Batch Loss: 0.2963533103466034
Time elapsed: 1842.2581396102905 | Epoch: 11/15 | Batch: 2001/4292 | Batch Loss: 0.3433130085468292
Time elapsed: 1871.9756724834442 | Epoch: 11/15 | Batch: 3001/4292 | Batch Loss: 0.44845807552337646
Time elapsed: 1902.4693529605865 | Epoch: 11/15 | Batch: 4001/4292 | Batch Loss: 0.24194686114788055
Starting Evaluation for epoch: 11
Time taken for train evaluation 46.02449703216553
Time taken for validation evaluation 1.1691770553588867


=========================
Time elapsed: 1959.5452001094818
Epoch: 11/15
Epoch time: 177.33650970458984
Train Acc: 0.8980062508305013
Validation Acc: 0.7787035155456208
Train Loss: 0.2849208861932282
Validation Loss: 0.6536705366142201
=========================


Time elapsed: 1962.1638338565826 | Epoch: 12/15 | Batch: 1/4292 | Batch Loss: 0.3613811135292053
Time elapsed: 1991.4082202911377 | Epoch: 12/15 | Batch: 1001/4292 | Batch Loss: 0.3936430811882019
Time elapsed: 2020.561362028122 | Epoch: 12/15 | Batch: 2001/4292 | Batch Loss: 0.29940637946128845
Time elapsed: 2051.093131542206 | Epoch: 12/15 | Batch: 3001/4292 | Batch Loss: 0.380642294883728
Time elapsed: 2080.8254404067993 | Epoch: 12/15 | Batch: 4001/4292 | Batch Loss: 0.2713088393211365
Starting Evaluation for epoch: 12
Time taken for train evaluation 44.644122838974
Time taken for validation evaluation 0.5663650035858154


=========================
Time elapsed: 2136.0170319080353
Epoch: 12/15
Epoch time: 176.4715292453766
Train Acc: 0.9101948242249717
Validation Acc: 0.767018898597846
Train Loss: 0.2544554350371646
Validation Loss: 0.7688864714317849
=========================


Time elapsed: 2138.137060880661 | Epoch: 13/15 | Batch: 1/4292 | Batch Loss: 0.21895764768123627
Time elapsed: 2168.3364515304565 | Epoch: 13/15 | Batch: 1001/4292 | Batch Loss: 0.2776407301425934
Time elapsed: 2201.8264560699463 | Epoch: 13/15 | Batch: 2001/4292 | Batch Loss: 0.2809162735939026
Time elapsed: 2233.591892004013 | Epoch: 13/15 | Batch: 3001/4292 | Batch Loss: 0.33429116010665894
Time elapsed: 2277.6628460884094 | Epoch: 13/15 | Batch: 4001/4292 | Batch Loss: 0.20612773299217224
Starting Evaluation for epoch: 13
Time taken for train evaluation 46.26337671279907
Time taken for validation evaluation 1.497387170791626


=========================
Time elapsed: 2342.78666973114
Epoch: 13/15
Epoch time: 206.7694857120514
Train Acc: 0.9177799176142725
Validation Acc: 0.7675269254216622
Train Loss: 0.2325562351177723
Validation Loss: 0.849114575622964
=========================


Time elapsed: 2348.4229798316956 | Epoch: 14/15 | Batch: 1/4292 | Batch Loss: 0.19262631237506866
Time elapsed: 2390.075435400009 | Epoch: 14/15 | Batch: 1001/4292 | Batch Loss: 0.23273469507694244
Time elapsed: 2427.381791114807 | Epoch: 14/15 | Batch: 2001/4292 | Batch Loss: 0.2250707894563675
Time elapsed: 2457.7674808502197 | Epoch: 14/15 | Batch: 3001/4292 | Batch Loss: 0.33599984645843506
Time elapsed: 2488.1311872005463 | Epoch: 14/15 | Batch: 4001/4292 | Batch Loss: 0.3487569987773895
Starting Evaluation for epoch: 14
Time taken for train evaluation 72.71096062660217
Time taken for validation evaluation 1.0303614139556885


=========================
Time elapsed: 2572.961133480072
Epoch: 14/15
Epoch time: 230.1600739955902
Train Acc: 0.9260112092644808
Validation Acc: 0.7690510058931112
Train Loss: 0.21348391652996807
Validation Loss: 0.8675658002759208
=========================


Time elapsed: 2576.8373572826385 | Epoch: 15/15 | Batch: 1/4292 | Batch Loss: 0.267996221780777
Time elapsed: 2611.8547732830048 | Epoch: 15/15 | Batch: 1001/4292 | Batch Loss: 0.24835200607776642
Time elapsed: 2666.0076982975006 | Epoch: 15/15 | Batch: 2001/4292 | Batch Loss: 0.18059033155441284
Time elapsed: 2724.492296934128 | Epoch: 15/15 | Batch: 3001/4292 | Batch Loss: 0.1935572475194931
Time elapsed: 2776.892746448517 | Epoch: 15/15 | Batch: 4001/4292 | Batch Loss: 0.2746855318546295
Starting Evaluation for epoch: 15
Time taken for train evaluation 71.49673104286194
Time taken for validation evaluation 0.9624412059783936


=========================
Time elapsed: 2866.56671667099
Epoch: 15/15
Epoch time: 293.6052243709564
Train Acc: 0.934928745265005
Validation Acc: 0.7618370249949198
Train Loss: 0.19169341934790166
Validation Loss: 0.8957848205747606
=========================


Starting Loss: 0.699529509427786 0.712087416450223
Ending Loss: 0.19169341934790166 0.8957848205747606
Starting Accuracy: 0.7036170720119701 0.6965047754521438
Ending Accuracy: 0.934928745265005 0.7618370249949198
Time taken: 2866.619096517563



Started training model: RNN_2L_fixed_notprojected_single_2L
Time elapsed: 2.6945087909698486 | Epoch: 1/15 | Batch: 1/4292 | Batch Loss: 1.390008568763733
Time elapsed: 24.879461765289307 | Epoch: 1/15 | Batch: 1001/4292 | Batch Loss: 0.9068560004234314
Time elapsed: 47.94727611541748 | Epoch: 1/15 | Batch: 2001/4292 | Batch Loss: 0.8711326718330383
Time elapsed: 85.39639544487 | Epoch: 1/15 | Batch: 3001/4292 | Batch Loss: 0.8907791376113892
Time elapsed: 124.98412704467773 | Epoch: 1/15 | Batch: 4001/4292 | Batch Loss: 0.7918188571929932
Starting Evaluation for epoch: 1
Time taken for train evaluation 84.44662666320801
Time taken for validation evaluation 1.785855770111084


=========================
Time elapsed: 225.5427873134613
Epoch: 1/15
Epoch time: 225.54287433624268
Train Acc: 0.648216947869093
Validation Acc: 0.6399105872790083
Train Loss: 0.7872596841704892
Validation Loss: 0.8316929882751493
=========================


Time elapsed: 232.38341403007507 | Epoch: 2/15 | Batch: 1/4292 | Batch Loss: 0.8042265176773071
Time elapsed: 268.7641658782959 | Epoch: 2/15 | Batch: 1001/4292 | Batch Loss: 0.8453865051269531
Time elapsed: 298.79281306266785 | Epoch: 2/15 | Batch: 2001/4292 | Batch Loss: 0.7680022716522217
Time elapsed: 322.207275390625 | Epoch: 2/15 | Batch: 3001/4292 | Batch Loss: 0.7180359363555908
Time elapsed: 345.32270073890686 | Epoch: 2/15 | Batch: 4001/4292 | Batch Loss: 0.7561492323875427
Starting Evaluation for epoch: 2
Time taken for train evaluation 45.51799559593201
Time taken for validation evaluation 0.49825429916381836


=========================
Time elapsed: 400.40629982948303
Epoch: 2/15
Epoch time: 174.86111545562744
Train Acc: 0.6810856858893963
Validation Acc: 0.662060556797399
Train Loss: 0.7298252524363134
Validation Loss: 0.7626240709234461
=========================


Time elapsed: 402.9735686779022 | Epoch: 3/15 | Batch: 1/4292 | Batch Loss: 0.7142477035522461
Time elapsed: 427.31693840026855 | Epoch: 3/15 | Batch: 1001/4292 | Batch Loss: 0.7021674513816833
Time elapsed: 451.88962411880493 | Epoch: 3/15 | Batch: 2001/4292 | Batch Loss: 0.764069676399231
Time elapsed: 475.5079128742218 | Epoch: 3/15 | Batch: 3001/4292 | Batch Loss: 0.6714656949043274
Time elapsed: 499.94426012039185 | Epoch: 3/15 | Batch: 4001/4292 | Batch Loss: 0.7284385561943054
Starting Evaluation for epoch: 3
Time taken for train evaluation 45.1222448348999
Time taken for validation evaluation 0.5336456298828125


=========================
Time elapsed: 553.7543392181396
Epoch: 3/15
Epoch time: 153.3476903438568
Train Acc: 0.7147771890193623
Validation Acc: 0.6853281853281853
Train Loss: 0.6729121316532719
Validation Loss: 0.730410421652853
=========================


Time elapsed: 556.1719772815704 | Epoch: 4/15 | Batch: 1/4292 | Batch Loss: 0.6861684918403625
Time elapsed: 580.3169927597046 | Epoch: 4/15 | Batch: 1001/4292 | Batch Loss: 0.7049833536148071
Time elapsed: 604.6648683547974 | Epoch: 4/15 | Batch: 2001/4292 | Batch Loss: 0.7986021637916565
Time elapsed: 627.6356756687164 | Epoch: 4/15 | Batch: 3001/4292 | Batch Loss: 0.6722901463508606
Time elapsed: 652.3001158237457 | Epoch: 4/15 | Batch: 4001/4292 | Batch Loss: 0.7312982678413391
Starting Evaluation for epoch: 4
Time taken for train evaluation 43.46664214134216
Time taken for validation evaluation 0.5376267433166504


=========================
Time elapsed: 703.8641674518585
Epoch: 4/15
Epoch time: 150.10966110229492
Train Acc: 0.7366114091308724
Validation Acc: 0.7092054460475513
Train Loss: 0.6363790163764612
Validation Loss: 0.6934718981648673
=========================


Time elapsed: 707.7350645065308 | Epoch: 5/15 | Batch: 1/4292 | Batch Loss: 0.5912683606147766
Time elapsed: 729.9325170516968 | Epoch: 5/15 | Batch: 1001/4292 | Batch Loss: 0.7049679160118103
Time elapsed: 753.6914546489716 | Epoch: 5/15 | Batch: 2001/4292 | Batch Loss: 0.5229402184486389
Time elapsed: 777.6040947437286 | Epoch: 5/15 | Batch: 3001/4292 | Batch Loss: 0.671072244644165
Time elapsed: 800.9227738380432 | Epoch: 5/15 | Batch: 4001/4292 | Batch Loss: 0.669090986251831
Starting Evaluation for epoch: 5
Time taken for train evaluation 42.636571407318115
Time taken for validation evaluation 0.49967503547668457


=========================
Time elapsed: 852.4088361263275
Epoch: 5/15
Epoch time: 148.54450392723083
Train Acc: 0.756425122004052
Validation Acc: 0.7225157488315384
Train Loss: 0.5932371919135119
Validation Loss: 0.660066071733472
=========================


Time elapsed: 854.6207089424133 | Epoch: 6/15 | Batch: 1/4292 | Batch Loss: 0.515554666519165
Time elapsed: 877.8346905708313 | Epoch: 6/15 | Batch: 1001/4292 | Batch Loss: 0.5695483088493347
Time elapsed: 901.769650220871 | Epoch: 6/15 | Batch: 2001/4292 | Batch Loss: 0.5724842548370361
Time elapsed: 924.971433877945 | Epoch: 6/15 | Batch: 3001/4292 | Batch Loss: 0.7506808042526245
Time elapsed: 949.5278449058533 | Epoch: 6/15 | Batch: 4001/4292 | Batch Loss: 0.7249131202697754
Starting Evaluation for epoch: 6
Time taken for train evaluation 44.681761026382446
Time taken for validation evaluation 0.579819917678833


=========================
Time elapsed: 1002.5003726482391
Epoch: 6/15
Epoch time: 150.0913646221161
Train Acc: 0.7709036036019637
Validation Acc: 0.7277992277992278
Train Loss: 0.5641384361251005
Validation Loss: 0.6508407847010684
=========================


Time elapsed: 1004.8537516593933 | Epoch: 7/15 | Batch: 1/4292 | Batch Loss: 0.5034661889076233
Time elapsed: 1029.1238543987274 | Epoch: 7/15 | Batch: 1001/4292 | Batch Loss: 0.5754088163375854
Time elapsed: 1052.0482580661774 | Epoch: 7/15 | Batch: 2001/4292 | Batch Loss: 0.5152666568756104
Time elapsed: 1076.7935519218445 | Epoch: 7/15 | Batch: 3001/4292 | Batch Loss: 0.6613839864730835
Time elapsed: 1101.1479864120483 | Epoch: 7/15 | Batch: 4001/4292 | Batch Loss: 0.5717656016349792
Starting Evaluation for epoch: 7
Time taken for train evaluation 41.69246220588684
Time taken for validation evaluation 0.6923692226409912


=========================
Time elapsed: 1152.0098946094513
Epoch: 7/15
Epoch time: 149.50934386253357
Train Acc: 0.7890299198896185
Validation Acc: 0.7413127413127413
Train Loss: 0.5252207013955013
Validation Loss: 0.6338894077491721
=========================


Time elapsed: 1154.2987246513367 | Epoch: 8/15 | Batch: 1/4292 | Batch Loss: 0.5687521696090698
Time elapsed: 1178.7600979804993 | Epoch: 8/15 | Batch: 1001/4292 | Batch Loss: 0.6623561382293701
Time elapsed: 1201.5570964813232 | Epoch: 8/15 | Batch: 2001/4292 | Batch Loss: 0.4728451371192932
Time elapsed: 1225.2458860874176 | Epoch: 8/15 | Batch: 3001/4292 | Batch Loss: 0.6246616840362549
Time elapsed: 1249.322086572647 | Epoch: 8/15 | Batch: 4001/4292 | Batch Loss: 0.6033757925033569
Starting Evaluation for epoch: 8
Time taken for train evaluation 41.3552405834198
Time taken for validation evaluation 0.42566800117492676


=========================
Time elapsed: 1299.2051713466644
Epoch: 8/15
Epoch time: 147.19513821601868
Train Acc: 0.8024562815021652
Validation Acc: 0.7487299329404593
Train Loss: 0.49579831345932246
Validation Loss: 0.627709625504216
=========================


Time elapsed: 1301.9098372459412 | Epoch: 9/15 | Batch: 1/4292 | Batch Loss: 0.4814054071903229
Time elapsed: 1325.2873730659485 | Epoch: 9/15 | Batch: 1001/4292 | Batch Loss: 0.5442757606506348
Time elapsed: 1349.282236814499 | Epoch: 9/15 | Batch: 2001/4292 | Batch Loss: 0.5472053289413452
Time elapsed: 1374.5967464447021 | Epoch: 9/15 | Batch: 3001/4292 | Batch Loss: 0.581006646156311
Time elapsed: 1397.3528985977173 | Epoch: 9/15 | Batch: 4001/4292 | Batch Loss: 0.466020792722702
Starting Evaluation for epoch: 9
Time taken for train evaluation 44.96016502380371
Time taken for validation evaluation 0.5660367012023926


=========================
Time elapsed: 1451.8937673568726
Epoch: 9/15
Epoch time: 152.68824577331543
Train Acc: 0.8171277124399536
Validation Acc: 0.7484251168461695
Train Loss: 0.46491362929501934
Validation Loss: 0.6378569335284404
=========================


Time elapsed: 1453.8286786079407 | Epoch: 10/15 | Batch: 1/4292 | Batch Loss: 0.419869601726532
Time elapsed: 1477.382633447647 | Epoch: 10/15 | Batch: 1001/4292 | Batch Loss: 0.6326398253440857
Time elapsed: 1501.2861869335175 | Epoch: 10/15 | Batch: 2001/4292 | Batch Loss: 0.524019181728363
Time elapsed: 1525.6990497112274 | Epoch: 10/15 | Batch: 3001/4292 | Batch Loss: 0.48215949535369873
Time elapsed: 1548.9119565486908 | Epoch: 10/15 | Batch: 4001/4292 | Batch Loss: 0.41469237208366394
Starting Evaluation for epoch: 10
Time taken for train evaluation 41.82293343544006
Time taken for validation evaluation 0.6003496646881104


=========================
Time elapsed: 1600.056411266327
Epoch: 10/15
Epoch time: 148.16248202323914
Train Acc: 0.8267314927907937
Validation Acc: 0.7424304003251372
Train Loss: 0.4434708995376507
Validation Loss: 0.6376755429559354
=========================


Time elapsed: 1602.5002267360687 | Epoch: 11/15 | Batch: 1/4292 | Batch Loss: 0.5422569513320923
Time elapsed: 1625.8204004764557 | Epoch: 11/15 | Batch: 1001/4292 | Batch Loss: 0.4573051631450653
Time elapsed: 1649.9885604381561 | Epoch: 11/15 | Batch: 2001/4292 | Batch Loss: 0.5069962739944458
Time elapsed: 1674.045467376709 | Epoch: 11/15 | Batch: 3001/4292 | Batch Loss: 0.5249065160751343
Time elapsed: 1697.6847605705261 | Epoch: 11/15 | Batch: 4001/4292 | Batch Loss: 0.47958505153656006
Starting Evaluation for epoch: 11
Time taken for train evaluation 43.72679376602173
Time taken for validation evaluation 1.6024422645568848


=========================
Time elapsed: 1751.6496086120605
Epoch: 11/15
Epoch time: 151.59301352500916
Train Acc: 0.8401778774480447
Validation Acc: 0.74314163787848
Train Loss: 0.4137179073430905
Validation Loss: 0.6748552427522488
=========================


Time elapsed: 1754.1630058288574 | Epoch: 12/15 | Batch: 1/4292 | Batch Loss: 0.38688504695892334
Time elapsed: 1776.8128979206085 | Epoch: 12/15 | Batch: 1001/4292 | Batch Loss: 0.43978413939476013
Time elapsed: 1801.9150986671448 | Epoch: 12/15 | Batch: 2001/4292 | Batch Loss: 0.4227519631385803
Time elapsed: 1826.3652076721191 | Epoch: 12/15 | Batch: 3001/4292 | Batch Loss: 0.4686117172241211
Time elapsed: 1850.5250124931335 | Epoch: 12/15 | Batch: 4001/4292 | Batch Loss: 0.5165072679519653
Starting Evaluation for epoch: 12
Time taken for train evaluation 47.683345556259155
Time taken for validation evaluation 0.6718645095825195


=========================
Time elapsed: 1906.9869933128357
Epoch: 12/15
Epoch time: 155.33721590042114
Train Acc: 0.8514108055270885
Validation Acc: 0.7345051818736029
Train Loss: 0.3926121868401206
Validation Loss: 0.6826944691188644
=========================


Time elapsed: 1909.483511209488 | Epoch: 13/15 | Batch: 1/4292 | Batch Loss: 0.4894128739833832
Time elapsed: 1931.8636755943298 | Epoch: 13/15 | Batch: 1001/4292 | Batch Loss: 0.2759258449077606
Time elapsed: 1954.967623949051 | Epoch: 13/15 | Batch: 2001/4292 | Batch Loss: 0.5820037126541138
Time elapsed: 1978.621333360672 | Epoch: 13/15 | Batch: 3001/4292 | Batch Loss: 0.47693535685539246
Time elapsed: 2002.0499031543732 | Epoch: 13/15 | Batch: 4001/4292 | Batch Loss: 0.3304654657840729
Starting Evaluation for epoch: 13
Time taken for train evaluation 45.12388253211975
Time taken for validation evaluation 0.8572406768798828


=========================
Time elapsed: 2057.1615314483643
Epoch: 13/15
Epoch time: 150.174307346344
Train Acc: 0.858786567085391
Validation Acc: 0.7382645803698435
Train Loss: 0.3747065121965586
Validation Loss: 0.7056512759725535
=========================


Time elapsed: 2059.502803325653 | Epoch: 14/15 | Batch: 1/4292 | Batch Loss: 0.31223323941230774
Time elapsed: 2082.3009362220764 | Epoch: 14/15 | Batch: 1001/4292 | Batch Loss: 0.38858532905578613
Time elapsed: 2105.6002583503723 | Epoch: 14/15 | Batch: 2001/4292 | Batch Loss: 0.531865119934082
Time elapsed: 2128.987971305847 | Epoch: 14/15 | Batch: 3001/4292 | Batch Loss: 0.45725828409194946
Time elapsed: 2152.5116622447968 | Epoch: 14/15 | Batch: 4001/4292 | Batch Loss: 0.39486128091812134
Starting Evaluation for epoch: 14
Time taken for train evaluation 46.94907808303833
Time taken for validation evaluation 0.5638022422790527


=========================
Time elapsed: 2208.8003652095795
Epoch: 14/15
Epoch time: 151.63852953910828
Train Acc: 0.8719653710543225
Validation Acc: 0.722007722007722
Train Loss: 0.3424498992926363
Validation Loss: 0.814084767895582
=========================


Time elapsed: 2211.710056781769 | Epoch: 15/15 | Batch: 1/4292 | Batch Loss: 0.4000241756439209
Time elapsed: 2233.642655611038 | Epoch: 15/15 | Batch: 1001/4292 | Batch Loss: 0.3993453085422516
Time elapsed: 2258.7633414268494 | Epoch: 15/15 | Batch: 2001/4292 | Batch Loss: 0.3406122326850891
Time elapsed: 2283.1676754951477 | Epoch: 15/15 | Batch: 3001/4292 | Batch Loss: 0.3420810401439667
Time elapsed: 2306.104982614517 | Epoch: 15/15 | Batch: 4001/4292 | Batch Loss: 0.4611492455005646
Starting Evaluation for epoch: 15
Time taken for train evaluation 48.000237703323364
Time taken for validation evaluation 0.6158826351165771


=========================
Time elapsed: 2363.077878713608
Epoch: 15/15
Epoch time: 154.27733778953552
Train Acc: 0.88214435887121
Validation Acc: 0.7239382239382239
Train Loss: 0.31978466334635497
Validation Loss: 0.8098676246105474
=========================


Starting Loss: 0.7872596841704892 0.8316929882751493
Ending Loss: 0.31978466334635497 0.8098676246105474
Starting Accuracy: 0.648216947869093 0.6399105872790083
Ending Accuracy: 0.88214435887121 0.7239382239382239
Time taken: 2363.1189320087433



Started training model: RNN_2L_notfixed_notprojected_single_2L
Time elapsed: 2.2758212089538574 | Epoch: 1/15 | Batch: 1/4292 | Batch Loss: 1.3842298984527588
Time elapsed: 29.877667665481567 | Epoch: 1/15 | Batch: 1001/4292 | Batch Loss: 0.8543247580528259
Time elapsed: 57.42182660102844 | Epoch: 1/15 | Batch: 2001/4292 | Batch Loss: 0.8074697852134705
Time elapsed: 85.32211184501648 | Epoch: 1/15 | Batch: 3001/4292 | Batch Loss: 0.7448755502700806
Time elapsed: 113.70712089538574 | Epoch: 1/15 | Batch: 4001/4292 | Batch Loss: 0.8720417618751526
Starting Evaluation for epoch: 1
Time taken for train evaluation 44.7816059589386
Time taken for validation evaluation 0.5771362781524658


=========================
Time elapsed: 168.48145842552185
Epoch: 1/15
Epoch time: 168.4814898967743
Train Acc: 0.6811821605593347
Validation Acc: 0.670697012802276
Train Loss: 0.7316304742958489
Validation Loss: 0.7755483273954998
=========================


Time elapsed: 171.12922859191895 | Epoch: 2/15 | Batch: 1/4292 | Batch Loss: 0.8144035339355469
Time elapsed: 199.2012836933136 | Epoch: 2/15 | Batch: 1001/4292 | Batch Loss: 0.7808571457862854
Time elapsed: 229.42625331878662 | Epoch: 2/15 | Batch: 2001/4292 | Batch Loss: 0.717971920967102
Time elapsed: 257.50434160232544 | Epoch: 2/15 | Batch: 3001/4292 | Batch Loss: 0.6205503344535828
Time elapsed: 285.4367151260376 | Epoch: 2/15 | Batch: 4001/4292 | Batch Loss: 0.7129673361778259
Starting Evaluation for epoch: 2
Time taken for train evaluation 44.76165580749512
Time taken for validation evaluation 0.6886780261993408


=========================
Time elapsed: 340.7716906070709
Epoch: 2/15
Epoch time: 172.29003286361694
Train Acc: 0.7265434581982536
Validation Acc: 0.6975208290997764
Train Loss: 0.6637663096166443
Validation Loss: 0.7222193109749343
=========================


Time elapsed: 342.84175395965576 | Epoch: 3/15 | Batch: 1/4292 | Batch Loss: 0.6635405421257019
Time elapsed: 371.0959384441376 | Epoch: 3/15 | Batch: 1001/4292 | Batch Loss: 0.6007834672927856
Time elapsed: 399.0019917488098 | Epoch: 3/15 | Batch: 2001/4292 | Batch Loss: 0.5594960451126099
Time elapsed: 427.4646518230438 | Epoch: 3/15 | Batch: 3001/4292 | Batch Loss: 0.5218573808670044
Time elapsed: 456.45985221862793 | Epoch: 3/15 | Batch: 4001/4292 | Batch Loss: 0.5978931784629822
Starting Evaluation for epoch: 3
Time taken for train evaluation 43.64197015762329
Time taken for validation evaluation 0.6150493621826172


=========================
Time elapsed: 509.7236592769623
Epoch: 3/15
Epoch time: 168.95154929161072
Train Acc: 0.7612816204832107
Validation Acc: 0.7299329404592563
Train Loss: 0.5900895570959703
Validation Loss: 0.6507358931109469
=========================


Time elapsed: 513.3386461734772 | Epoch: 4/15 | Batch: 1/4292 | Batch Loss: 0.6477043628692627
Time elapsed: 541.0305368900299 | Epoch: 4/15 | Batch: 1001/4292 | Batch Loss: 0.6332738399505615
Time elapsed: 568.4180517196655 | Epoch: 4/15 | Batch: 2001/4292 | Batch Loss: 0.7255587577819824
Time elapsed: 596.1615345478058 | Epoch: 4/15 | Batch: 3001/4292 | Batch Loss: 0.5682117938995361
Time elapsed: 624.0639672279358 | Epoch: 4/15 | Batch: 4001/4292 | Batch Loss: 0.5223165154457092
Starting Evaluation for epoch: 4
Time taken for train evaluation 45.314136028289795
Time taken for validation evaluation 0.598369836807251


=========================
Time elapsed: 679.0870449542999
Epoch: 4/15
Epoch time: 169.36327648162842
Train Acc: 0.7852492049941114
Validation Acc: 0.7401950823003455
Train Loss: 0.5380832851434874
Validation Loss: 0.6276062600158672
=========================


Time elapsed: 683.1287677288055 | Epoch: 5/15 | Batch: 1/4292 | Batch Loss: 0.6795523762702942
Time elapsed: 709.2642841339111 | Epoch: 5/15 | Batch: 1001/4292 | Batch Loss: 0.6286406517028809
Time elapsed: 737.8294022083282 | Epoch: 5/15 | Batch: 2001/4292 | Batch Loss: 0.5514348745346069
Time elapsed: 765.3137791156769 | Epoch: 5/15 | Batch: 3001/4292 | Batch Loss: 0.4767734706401825
Time elapsed: 795.3316106796265 | Epoch: 5/15 | Batch: 4001/4292 | Batch Loss: 0.5607884526252747
Starting Evaluation for epoch: 5
Time taken for train evaluation 43.06235647201538
Time taken for validation evaluation 0.4792802333831787


=========================
Time elapsed: 848.70410323143
Epoch: 5/15
Epoch time: 169.6165509223938
Train Acc: 0.8075639781785219
Validation Acc: 0.7516764885185938
Train Loss: 0.49119984593573857
Validation Loss: 0.6130591588542608
=========================


Time elapsed: 851.6069850921631 | Epoch: 6/15 | Batch: 1/4292 | Batch Loss: 0.5368277430534363
Time elapsed: 879.0212042331696 | Epoch: 6/15 | Batch: 1001/4292 | Batch Loss: 0.5186806917190552
Time elapsed: 906.9071776866913 | Epoch: 6/15 | Batch: 2001/4292 | Batch Loss: 0.5322747826576233
Time elapsed: 934.4578850269318 | Epoch: 6/15 | Batch: 3001/4292 | Batch Loss: 0.49575260281562805
Time elapsed: 962.6589062213898 | Epoch: 6/15 | Batch: 4001/4292 | Batch Loss: 0.5364307761192322
Starting Evaluation for epoch: 6
Time taken for train evaluation 42.281333446502686
Time taken for validation evaluation 0.5662603378295898


=========================
Time elapsed: 1014.6631350517273
Epoch: 6/15
Epoch time: 165.9588623046875
Train Acc: 0.8238772987820528
Validation Acc: 0.7631578947368421
Train Loss: 0.4556925996437974
Validation Loss: 0.5936193841667927
=========================


Time elapsed: 1017.1739232540131 | Epoch: 7/15 | Batch: 1/4292 | Batch Loss: 0.44753164052963257
Time elapsed: 1044.4615831375122 | Epoch: 7/15 | Batch: 1001/4292 | Batch Loss: 0.4583936333656311
Time elapsed: 1073.3430423736572 | Epoch: 7/15 | Batch: 2001/4292 | Batch Loss: 0.5418862700462341
Time elapsed: 1100.9351620674133 | Epoch: 7/15 | Batch: 3001/4292 | Batch Loss: 0.38857489824295044
Time elapsed: 1128.5165605545044 | Epoch: 7/15 | Batch: 4001/4292 | Batch Loss: 0.48376068472862244
Starting Evaluation for epoch: 7
Time taken for train evaluation 42.67397665977478
Time taken for validation evaluation 0.5551505088806152


=========================
Time elapsed: 1181.3012549877167
Epoch: 7/15
Epoch time: 166.6379508972168
Train Acc: 0.840525550315181
Validation Acc: 0.7684413737045316
Train Loss: 0.41785820665339135
Validation Loss: 0.5919425384442609
=========================


Time elapsed: 1183.4919333457947 | Epoch: 8/15 | Batch: 1/4292 | Batch Loss: 0.3567523956298828
Time elapsed: 1211.8627254962921 | Epoch: 8/15 | Batch: 1001/4292 | Batch Loss: 0.4562023878097534
Time elapsed: 1239.2618389129639 | Epoch: 8/15 | Batch: 2001/4292 | Batch Loss: 0.5053675770759583
Time elapsed: 1265.8171977996826 | Epoch: 8/15 | Batch: 3001/4292 | Batch Loss: 0.4560312330722809
Time elapsed: 1293.5542340278625 | Epoch: 8/15 | Batch: 4001/4292 | Batch Loss: 0.45955348014831543
Starting Evaluation for epoch: 8
Time taken for train evaluation 45.58737778663635
Time taken for validation evaluation 0.6660525798797607


=========================
Time elapsed: 1348.9659492969513
Epoch: 8/15
Epoch time: 167.6645336151123
Train Acc: 0.8536224418285044
Validation Acc: 0.7634627108311319
Train Loss: 0.3883951005088273
Validation Loss: 0.5969883347400633
=========================


Time elapsed: 1351.6537098884583 | Epoch: 9/15 | Batch: 1/4292 | Batch Loss: 0.29707005620002747
Time elapsed: 1378.096726179123 | Epoch: 9/15 | Batch: 1001/4292 | Batch Loss: 0.5325596928596497
Time elapsed: 1404.6983025074005 | Epoch: 9/15 | Batch: 2001/4292 | Batch Loss: 0.34434884786605835
Time elapsed: 1431.9574019908905 | Epoch: 9/15 | Batch: 3001/4292 | Batch Loss: 0.5579370260238647
Time elapsed: 1459.1715047359467 | Epoch: 9/15 | Batch: 4001/4292 | Batch Loss: 0.39403727650642395
Starting Evaluation for epoch: 9
Time taken for train evaluation 42.120036363601685
Time taken for validation evaluation 0.6056137084960938


=========================
Time elapsed: 1511.1794128417969
Epoch: 9/15
Epoch time: 162.21322631835938
Train Acc: 0.8669177435120784
Validation Acc: 0.7662060556797399
Train Loss: 0.35677981244525786
Validation Loss: 0.6406126042324167
=========================


Time elapsed: 1513.5937132835388 | Epoch: 10/15 | Batch: 1/4292 | Batch Loss: 0.28400731086730957
Time elapsed: 1541.0026893615723 | Epoch: 10/15 | Batch: 1001/4292 | Batch Loss: 0.39047592878341675
Time elapsed: 1567.9454464912415 | Epoch: 10/15 | Batch: 2001/4292 | Batch Loss: 0.4397992789745331
Time elapsed: 1595.2494578361511 | Epoch: 10/15 | Batch: 3001/4292 | Batch Loss: 0.4240611791610718
Time elapsed: 1622.6100487709045 | Epoch: 10/15 | Batch: 4001/4292 | Batch Loss: 0.35215842723846436
Starting Evaluation for epoch: 10
Time taken for train evaluation 42.04351997375488
Time taken for validation evaluation 0.4166398048400879


=========================
Time elapsed: 1673.6949446201324
Epoch: 10/15
Epoch time: 162.5151870250702
Train Acc: 0.8792264551747738
Validation Acc: 0.7692542166226377
Train Loss: 0.33063074014637106
Validation Loss: 0.6340945233806462
=========================


Time elapsed: 1676.0872123241425 | Epoch: 11/15 | Batch: 1/4292 | Batch Loss: 0.34870094060897827
Time elapsed: 1703.3228769302368 | Epoch: 11/15 | Batch: 1001/4292 | Batch Loss: 0.3534318804740906
Time elapsed: 1732.0082330703735 | Epoch: 11/15 | Batch: 2001/4292 | Batch Loss: 0.3746313452720642
Time elapsed: 1759.5684876441956 | Epoch: 11/15 | Batch: 3001/4292 | Batch Loss: 0.4141843318939209
Time elapsed: 1786.6033263206482 | Epoch: 11/15 | Batch: 4001/4292 | Batch Loss: 0.37021076679229736
Starting Evaluation for epoch: 11
Time taken for train evaluation 42.73519945144653
Time taken for validation evaluation 0.40269970893859863


=========================
Time elapsed: 1839.3548293113708
Epoch: 11/15
Epoch time: 165.65955901145935
Train Acc: 0.8916243604002425
Validation Acc: 0.7618370249949198
Train Loss: 0.3016325474630266
Validation Loss: 0.6881151389019491
=========================


Time elapsed: 1841.9391732215881 | Epoch: 12/15 | Batch: 1/4292 | Batch Loss: 0.38156652450561523
Time elapsed: 1869.087800502777 | Epoch: 12/15 | Batch: 1001/4292 | Batch Loss: 0.35143524408340454
Time elapsed: 1896.1439325809479 | Epoch: 12/15 | Batch: 2001/4292 | Batch Loss: 0.3640725314617157
Time elapsed: 1924.0679404735565 | Epoch: 12/15 | Batch: 3001/4292 | Batch Loss: 0.421524316072464
Time elapsed: 1950.8264548778534 | Epoch: 12/15 | Batch: 4001/4292 | Batch Loss: 0.32571783661842346
Starting Evaluation for epoch: 12
Time taken for train evaluation 42.4833767414093
Time taken for validation evaluation 0.5307354927062988


=========================
Time elapsed: 2003.4973437786102
Epoch: 12/15
Epoch time: 164.14216256141663
Train Acc: 0.8992221957270823
Validation Acc: 0.7595001016053647
Train Loss: 0.27808252234416564
Validation Loss: 0.7509554365959819
=========================


Time elapsed: 2005.8154876232147 | Epoch: 13/15 | Batch: 1/4292 | Batch Loss: 0.3188800811767578
Time elapsed: 2032.3596556186676 | Epoch: 13/15 | Batch: 1001/4292 | Batch Loss: 0.353620707988739
Time elapsed: 2059.0984349250793 | Epoch: 13/15 | Batch: 2001/4292 | Batch Loss: 0.29166316986083984
Time elapsed: 2086.4665246009827 | Epoch: 13/15 | Batch: 3001/4292 | Batch Loss: 0.32975444197654724
Time elapsed: 2114.223758459091 | Epoch: 13/15 | Batch: 4001/4292 | Batch Loss: 0.3830666244029999
Starting Evaluation for epoch: 13
Time taken for train evaluation 40.5738365650177
Time taken for validation evaluation 0.5393157005310059


=========================
Time elapsed: 2163.7533662319183
Epoch: 13/15
Epoch time: 160.25573301315308
Train Acc: 0.9112068981209283
Validation Acc: 0.7554358870148343
Train Loss: 0.25290922107208763
Validation Loss: 0.7771738502970074
=========================


Time elapsed: 2166.801467895508 | Epoch: 14/15 | Batch: 1/4292 | Batch Loss: 0.30648598074913025
Time elapsed: 2192.6653666496277 | Epoch: 14/15 | Batch: 1001/4292 | Batch Loss: 0.2639314532279968
Time elapsed: 2220.5965118408203 | Epoch: 14/15 | Batch: 2001/4292 | Batch Loss: 0.23804034292697906
Time elapsed: 2248.656730413437 | Epoch: 14/15 | Batch: 3001/4292 | Batch Loss: 0.3686087131500244
Time elapsed: 2274.940878391266 | Epoch: 14/15 | Batch: 4001/4292 | Batch Loss: 0.32553163170814514
Starting Evaluation for epoch: 14
Time taken for train evaluation 41.17943096160889
Time taken for validation evaluation 0.5873961448669434


=========================
Time elapsed: 2326.7071385383606
Epoch: 14/15
Epoch time: 162.95363664627075
Train Acc: 0.920240931836095
Validation Acc: 0.75218451534241
Train Loss: 0.22657102854473538
Validation Loss: 0.8531491802344838
=========================


Time elapsed: 2328.802796125412 | Epoch: 15/15 | Batch: 1/4292 | Batch Loss: 0.3270317316055298
Time elapsed: 2354.3760690689087 | Epoch: 15/15 | Batch: 1001/4292 | Batch Loss: 0.19602017104625702
Time elapsed: 2382.6288952827454 | Epoch: 15/15 | Batch: 2001/4292 | Batch Loss: 0.3033513128757477
Time elapsed: 2409.5205829143524 | Epoch: 15/15 | Batch: 3001/4292 | Batch Loss: 0.3935730457305908
Time elapsed: 2436.562185525894 | Epoch: 15/15 | Batch: 4001/4292 | Batch Loss: 0.269765168428421
Starting Evaluation for epoch: 15
Time taken for train evaluation 40.8811674118042
Time taken for validation evaluation 0.6208913326263428


=========================
Time elapsed: 2487.1775801181793
Epoch: 15/15
Epoch time: 160.47014784812927
Train Acc: 0.9284886059774249
Validation Acc: 0.749034749034749
Train Loss: 0.208101093545624
Validation Loss: 0.9244368117869664
=========================


Starting Loss: 0.7316304742958489 0.7755483273954998
Ending Loss: 0.208101093545624 0.9244368117869664
Starting Accuracy: 0.6811821605593347 0.670697012802276
Ending Accuracy: 0.9284886059774249 0.749034749034749
Time taken: 2487.224028110504



Done
